0 info it worked if it ends with ok
1 verbose cli [ 'C:\\Program Files\\nodejs\\node.exe',
1 verbose cli   'C:\\Users\\w1036_000\\AppData\\Roaming\\npm\\node_modules\\npm\\bin\\npm-cli.js',
1 verbose cli   'run',
1 verbose cli   'devwatch' ]
2 info using npm@4.0.3
3 info using node@v6.2.0
4 verbose run-script [ 'predevwatch', 'devwatch', 'postdevwatch' ]
5 info lifecycle ng@1.0.0~predevwatch: ng@1.0.0
6 silly lifecycle ng@1.0.0~predevwatch: no script for predevwatch, continuing
7 info lifecycle ng@1.0.0~devwatch: ng@1.0.0
8 verbose lifecycle ng@1.0.0~devwatch: unsafe-perm in lifecycle true
9 verbose lifecycle ng@1.0.0~devwatch: PATH: C:\Users\w1036_000\AppData\Roaming\npm\node_modules\npm\bin\node-gyp-bin;C:\Users\w1036_000\Desktop\LazyloadAngularFramework\node_modules\.bin;C:\Users\w1036_000\AppData\Roaming\npm;C:\Windows\system32;C:\Windows;C:\Windows\System32\Wbem;C:\Windows\System32\WindowsPowerShell\v1.0\;C:\Program Files\nodejs\;C:\Program Files\Microsoft SQL Server\130\Tools\Binn\;C:\Program Files\dotnet\;C:\Program Files\Microsoft DNX\Dnvm\;C:\Program Files\TortoiseSVN\bin;C:\Program Files (x86)\VisualSVN\bin
10 verbose lifecycle ng@1.0.0~devwatch: CWD: C:\Users\w1036_000\Desktop\LazyloadAngularFramework
11 silly lifecycle ng@1.0.0~devwatch: Args: [ '/d /s /c',
11 silly lifecycle   'webpack -- --config configs/webpack.config.dev.js' ]
12 silly lifecycle ng@1.0.0~devwatch: Returned: code: 2  signal: null
13 info lifecycle ng@1.0.0~devwatch: Failed to exec devwatch script
14 verbose stack Error: ng@1.0.0 devwatch: `webpack -- --config configs/webpack.config.dev.js`
14 verbose stack Exit status 2
14 verbose stack     at EventEmitter.<anonymous> (C:\Users\w1036_000\AppData\Roaming\npm\node_modules\npm\lib\utils\lifecycle.js:279:16)
14 verbose stack     at emitTwo (events.js:106:13)
14 verbose stack     at EventEmitter.emit (events.js:191:7)
14 verbose stack     at ChildProcess.<anonymous> (C:\Users\w1036_000\AppData\Roaming\npm\node_modules\npm\lib\utils\spawn.js:40:14)
14 verbose stack     at emitTwo (events.js:106:13)
14 verbose stack     at ChildProcess.emit (events.js:191:7)
14 verbose stack     at maybeClose (internal/child_process.js:850:16)
14 verbose stack     at Process.ChildProcess._handle.onexit (internal/child_process.js:215:5)
15 verbose pkgid ng@1.0.0
16 verbose cwd C:\Users\w1036_000\Desktop\LazyloadAngularFramework
17 error Windows_NT 6.3.9600
18 error argv "C:\\Program Files\\nodejs\\node.exe" "C:\\Users\\w1036_000\\AppData\\Roaming\\npm\\node_modules\\npm\\bin\\npm-cli.js" "run" "devwatch"
19 error node v6.2.0
20 error npm  v4.0.3
21 error code ELIFECYCLE
22 error ng@1.0.0 devwatch: `webpack -- --config configs/webpack.config.dev.js`
22 error Exit status 2
23 error Failed at the ng@1.0.0 devwatch script 'webpack -- --config configs/webpack.config.dev.js'.
23 error Make sure you have the latest version of node.js and npm installed.
23 error If you do, this is most likely a problem with the ng package,
23 error not with npm itself.
23 error Tell the author that this fails on your system:
23 error     webpack -- --config configs/webpack.config.dev.js
23 error You can get information on how to open an issue for this project with:
23 error     npm bugs ng
23 error Or if that isn't available, you can get their info via:
23 error     npm owner ls ng
23 error There is likely additional logging output above.
24 verbose exit [ 1, true ]
